<?xml version="1.0" encoding="UTF-8"?>
<testsuite xmlns:xsi="http://www.w3.org/2001/XMLSchema-instance" xsi:noNamespaceSchemaLocation="https://maven.apache.org/surefire/maven-surefire-plugin/xsd/surefire-test-report-3.0.xsd" version="3.0" name="flightapp.FlightServiceTest" time="666.555" tests="37" errors="0" skipped="0" failures="0">
  <properties>
[...]
</properties>
  <testcase name="runTest[0]" classname="flightapp.FlightServiceTest" time="18.928">
    <system-out><![CDATA[Running test setup...
... using dbconn.properties for test credentials
... resetting database (ie, dropping all tables with suffix: nagatac)
... running createTables.sql

Starting tests
Running test file: C:\Users\thece\OneDrive - UW\Classes\CSE 344\hw5\cases\no_transaction\book\book_basic.txt
]]></system-out>
  </testcase>
  <testcase name="runTest[1]" classname="flightapp.FlightServiceTest" time="18.931">
    <system-out><![CDATA[Running test file: C:\Users\thece\OneDrive - UW\Classes\CSE 344\hw5\cases\no_transaction\book\book_itineraryNotExist.txt
]]></system-out>
  </testcase>
  <testcase name="runTest[2]" classname="flightapp.FlightServiceTest" time="18.035">
    <system-out><![CDATA[Running test file: C:\Users\thece\OneDrive - UW\Classes\CSE 344\hw5\cases\no_transaction\book\book_withoutLogIn.txt
]]></system-out>
  </testcase>
  <testcase name="runTest[3]" classname="flightapp.FlightServiceTest" time="1.534">
    <system-out><![CDATA[Running test file: C:\Users\thece\OneDrive - UW\Classes\CSE 344\hw5\cases\no_transaction\create\create_basic.txt
]]></system-out>
  </testcase>
  <testcase name="runTest[4]" classname="flightapp.FlightServiceTest" time="1.535">
    <system-out><![CDATA[Running test file: C:\Users\thece\OneDrive - UW\Classes\CSE 344\hw5\cases\no_transaction\create\create_negativeInitialAmount.txt
]]></system-out>
  </testcase>
  <testcase name="runTest[5]" classname="flightapp.FlightServiceTest" time="1.661">
    <system-out><![CDATA[Running test file: C:\Users\thece\OneDrive - UW\Classes\CSE 344\hw5\cases\no_transaction\create\create_usernameTaken.txt
]]></system-out>
  </testcase>
  <testcase name="runTest[6]" classname="flightapp.FlightServiceTest" time="2.372">
    <system-out><![CDATA[Running test file: C:\Users\thece\OneDrive - UW\Classes\CSE 344\hw5\cases\no_transaction\login\login_already.txt
]]></system-out>
  </testcase>
  <testcase name="runTest[7]" classname="flightapp.FlightServiceTest" time="1.891">
    <system-out><![CDATA[Running test file: C:\Users\thece\OneDrive - UW\Classes\CSE 344\hw5\cases\no_transaction\login\login_single.txt
]]></system-out>
  </testcase>
  <testcase name="runTest[8]" classname="flightapp.FlightServiceTest" time="1.985">
    <system-out><![CDATA[Running test file: C:\Users\thece\OneDrive - UW\Classes\CSE 344\hw5\cases\no_transaction\login\login_wrongPassword.txt
]]></system-out>
  </testcase>
  <testcase name="runTest[9]" classname="flightapp.FlightServiceTest" time="1.933">
    <system-out><![CDATA[Running test file: C:\Users\thece\OneDrive - UW\Classes\CSE 344\hw5\cases\no_transaction\login\login_wrongUsername.txt
]]></system-out>
  </testcase>
  <testcase name="runTest[10]" classname="flightapp.FlightServiceTest" time="21.292">
    <system-out><![CDATA[Running test file: C:\Users\thece\OneDrive - UW\Classes\CSE 344\hw5\cases\no_transaction\pay\pay_already.txt
]]></system-out>
  </testcase>
  <testcase name="runTest[11]" classname="flightapp.FlightServiceTest" time="19.945">
    <system-out><![CDATA[Running test file: C:\Users\thece\OneDrive - UW\Classes\CSE 344\hw5\cases\no_transaction\pay\pay_basic.txt
]]></system-out>
  </testcase>
  <testcase name="runTest[12]" classname="flightapp.FlightServiceTest" time="20.349">
    <system-out><![CDATA[Running test file: C:\Users\thece\OneDrive - UW\Classes\CSE 344\hw5\cases\no_transaction\pay\pay_insufficient.txt
]]></system-out>
  </testcase>
  <testcase name="runTest[13]" classname="flightapp.FlightServiceTest" time="19.357">
    <system-out><![CDATA[Running test file: C:\Users\thece\OneDrive - UW\Classes\CSE 344\hw5\cases\no_transaction\pay\pay_wrongRID.txt
]]></system-out>
  </testcase>
  <testcase name="runTest[14]" classname="flightapp.FlightServiceTest" time="19.849">
    <system-out><![CDATA[Running test file: C:\Users\thece\OneDrive - UW\Classes\CSE 344\hw5\cases\no_transaction\reservations\reservations_basic.txt
]]></system-out>
  </testcase>
  <testcase name="runTest[15]" classname="flightapp.FlightServiceTest" time="19.986">
    <system-out><![CDATA[Running test file: C:\Users\thece\OneDrive - UW\Classes\CSE 344\hw5\cases\no_transaction\reservations\reservations_paidTrue.txt
]]></system-out>
  </testcase>
  <testcase name="runTest[16]" classname="flightapp.FlightServiceTest" time="20.45">
    <system-out><![CDATA[Running test file: C:\Users\thece\OneDrive - UW\Classes\CSE 344\hw5\cases\no_transaction\reservations\reservations_same_day.txt
]]></system-out>
  </testcase>
  <testcase name="runTest[17]" classname="flightapp.FlightServiceTest" time="17.408">
    <system-out><![CDATA[Running test file: C:\Users\thece\OneDrive - UW\Classes\CSE 344\hw5\cases\no_transaction\search\search_basic.txt
]]></system-out>
  </testcase>
  <testcase name="runTest[18]" classname="flightapp.FlightServiceTest" time="19.043">
    <system-out><![CDATA[Running test file: C:\Users\thece\OneDrive - UW\Classes\CSE 344\hw5\cases\no_transaction\search\search_lessThanN.txt
]]></system-out>
  </testcase>
  <testcase name="runTest[19]" classname="flightapp.FlightServiceTest" time="4.512">
    <system-out><![CDATA[Running test file: C:\Users\thece\OneDrive - UW\Classes\CSE 344\hw5\cases\no_transaction\search\search_noResults.txt
]]></system-out>
  </testcase>
  <testcase name="runTest[20]" classname="flightapp.FlightServiceTest" time="6.754">
    <system-out><![CDATA[Running test file: C:\Users\thece\OneDrive - UW\Classes\CSE 344\hw5\cases\no_transaction\search\search_topk.txt
]]></system-out>
  </testcase>
  <testcase name="runTest[21]" classname="flightapp.FlightServiceTest" time="59.299">
    <system-out><![CDATA[Running test file: C:\Users\thece\OneDrive - UW\Classes\CSE 344\hw5\cases\transaction\book\book_2users2flights.txt
]]></system-out>
  </testcase>
  <testcase name="runTest[22]" classname="flightapp.FlightServiceTest" time="17.247">
    <system-out><![CDATA[Running test file: C:\Users\thece\OneDrive - UW\Classes\CSE 344\hw5\cases\transaction\book\book_2UsersSameFlight.txt
]]></system-out>
  </testcase>
  <testcase name="runTest[23]" classname="flightapp.FlightServiceTest" time="35.792">
    <system-out><![CDATA[Running test file: C:\Users\thece\OneDrive - UW\Classes\CSE 344\hw5\cases\transaction\book\book_itineraryNotExist.txt
]]></system-out>
  </testcase>
  <testcase name="runTest[24]" classname="flightapp.FlightServiceTest" time="61.792">
    <system-out><![CDATA[Running test file: C:\Users\thece\OneDrive - UW\Classes\CSE 344\hw5\cases\transaction\book\book_sameItineraryTwice.txt
]]></system-out>
  </testcase>
  <testcase name="runTest[25]" classname="flightapp.FlightServiceTest" time="18.786">
    <system-out><![CDATA[Running test file: C:\Users\thece\OneDrive - UW\Classes\CSE 344\hw5\cases\transaction\book\book_withoutSearch.txt
]]></system-out>
  </testcase>
  <testcase name="runTest[26]" classname="flightapp.FlightServiceTest" time="2.054">
    <system-out><![CDATA[Running test file: C:\Users\thece\OneDrive - UW\Classes\CSE 344\hw5\cases\transaction\create\create_2UsersSameName.txt
]]></system-out>
  </testcase>
  <testcase name="runTest[27]" classname="flightapp.FlightServiceTest" time="2.471">
    <system-out><![CDATA[Running test file: C:\Users\thece\OneDrive - UW\Classes\CSE 344\hw5\cases\transaction\create\create_concurrent.txt
]]></system-out>
  </testcase>
  <testcase name="runTest[28]" classname="flightapp.FlightServiceTest" time="2.432">
    <system-out><![CDATA[Running test file: C:\Users\thece\OneDrive - UW\Classes\CSE 344\hw5\cases\transaction\create\create_samePassword.txt
]]></system-out>
  </testcase>
  <testcase name="runTest[29]" classname="flightapp.FlightServiceTest" time="2.745">
    <system-out><![CDATA[Running test file: C:\Users\thece\OneDrive - UW\Classes\CSE 344\hw5\cases\transaction\login\login_multi.txt
]]></system-out>
  </testcase>
  <testcase name="runTest[30]" classname="flightapp.FlightServiceTest" time="2.285">
    <system-out><![CDATA[Running test file: C:\Users\thece\OneDrive - UW\Classes\CSE 344\hw5\cases\transaction\login\login_same.txt
]]></system-out>
  </testcase>
  <testcase name="runTest[31]" classname="flightapp.FlightServiceTest" time="20.15">
    <system-out><![CDATA[Running test file: C:\Users\thece\OneDrive - UW\Classes\CSE 344\hw5\cases\transaction\pay\pay_alreadyPaid.txt
]]></system-out>
  </testcase>
  <testcase name="runTest[32]" classname="flightapp.FlightServiceTest" time="20.502">
    <system-out><![CDATA[Running test file: C:\Users\thece\OneDrive - UW\Classes\CSE 344\hw5\cases\transaction\pay\pay_wrongUser.txt
]]></system-out>
  </testcase>
  <testcase name="runTest[33]" classname="flightapp.FlightServiceTest" time="27.207">
    <system-out><![CDATA[Running test file: C:\Users\thece\OneDrive - UW\Classes\CSE 344\hw5\cases\transaction\reservations\reservations_concurrent.txt
]]></system-out>
  </testcase>
  <testcase name="runTest[34]" classname="flightapp.FlightServiceTest" time="20.831">
    <system-out><![CDATA[Running test file: C:\Users\thece\OneDrive - UW\Classes\CSE 344\hw5\cases\transaction\reservations\reservations_nothingBooked.txt
]]></system-out>
  </testcase>
  <testcase name="runTest[35]" classname="flightapp.FlightServiceTest" time="55.791">
    <system-out><![CDATA[Running test file: C:\Users\thece\OneDrive - UW\Classes\CSE 344\hw5\cases\transaction\search\search_multi.txt
]]></system-out>
  </testcase>
  <testcase name="runTest[36]" classname="flightapp.FlightServiceTest" time="56.534">
    <system-out><![CDATA[Running test file: C:\Users\thece\OneDrive - UW\Classes\CSE 344\hw5\cases\transaction\search\search_sameUserDifferentFlights.txt
]]></system-out>
  </testcase>
</testsuite>